# JRE version: OpenJDK Runtime Environment Temurin-21.0.6+7 (21.0.6+7) (build 21.0.6+7-LTS)
# Java VM: OpenJDK 64-Bit Server VM Temurin-21.0.6+7 (21.0.6+7-LTS, mixed mode, sharing, tiered, compressed oops, compressed class ptrs, g1 gc, windows-amd64)
GC Precious Log:
 CardTable entry size: 512
 Card Set container configuration: InlinePtr #cards 5 size 8 Array Of Cards #cards 12 size 40 Howl #buckets 4 coarsen threshold 1843 Howl Bitmap #cards 512 size 80 coarsen threshold 460 Card regions per heap region 1 cards per card region 2048
 CPUs: 12 total, 12 available
 Memory: 7365M
 Large Page Support: Disabled
 NUMA Support: Disabled
 Compressed Oops: Enabled (32-bit)
 Heap Region Size: 1M
 Heap Min Capacity: 8M
 Heap Initial Capacity: 116M
 Heap Max Capacity: 2G
 Pre-touch: Disabled
 Parallel Workers: 10
 Concurrent Workers: 3
 Concurrent Refinement Workers: 10
 Periodic GC: Disabled
Heap:
 garbage-first heap   total 114688K, used 84756K [0x0000000080000000, 0x0000000100000000)
  region size 1024K, 48 young (49152K), 6 survivors (6144K)
 Metaspace       used 56150K, committed 57984K, reserved 1114112K
  class space    used 7872K, committed 8768K, reserved 1048576K
GC Heap History (20 events):
Event: 0.577 GC heap before
{Heap before GC invocations=0 (full 0):
 garbage-first heap   total 118784K, used 26624K [0x0000000080000000, 0x0000000100000000)
  region size 1024K, 23 young (23552K), 0 survivors (0K)
 Metaspace       used 1171K, committed 1280K, reserved 1114112K
  class space    used 88K, committed 128K, reserved 1048576K
}
Event: 0.584 GC heap after
{Heap after GC invocations=1 (full 0):
 garbage-first heap   total 118784K, used 10800K [0x0000000080000000, 0x0000000100000000)
  region size 1024K, 3 young (3072K), 3 survivors (3072K)
 Metaspace       used 1171K, committed 1280K, reserved 1114112K
  class space    used 88K, committed 128K, reserved 1048576K
}
Event: 1.354 GC heap before
{Heap before GC invocations=1 (full 0):
 garbage-first heap   total 118784K, used 41520K [0x0000000080000000, 0x0000000100000000)
  region size 1024K, 33 young (33792K), 3 survivors (3072K)
 Metaspace       used 4321K, committed 4544K, reserved 1114112K
  class space    used 528K, committed 640K, reserved 1048576K
}
Event: 1.363 GC heap after
{Heap after GC invocations=2 (full 0):
 garbage-first heap   total 118784K, used 12395K [0x0000000080000000, 0x0000000100000000)
  region size 1024K, 2 young (2048K), 2 survivors (2048K)
 Metaspace       used 4321K, committed 4544K, reserved 1114112K
  class space    used 528K, committed 640K, reserved 1048576K
}
Event: 4.522 GC heap before
{Heap before GC invocations=2 (full 0):
 garbage-first heap   total 118784K, used 83051K [0x0000000080000000, 0x0000000100000000)
  region size 1024K, 69 young (70656K), 2 survivors (2048K)
 Metaspace       used 12194K, committed 12480K, reserved 1114112K
  class space    used 1585K, committed 1728K, reserved 1048576K
}
Event: 4.539 GC heap after
{Heap after GC invocations=3 (full 0):
 garbage-first heap   total 118784K, used 21371K [0x0000000080000000, 0x0000000100000000)
  region size 1024K, 9 young (9216K), 9 survivors (9216K)
 Metaspace       used 12194K, committed 12480K, reserved 1114112K
  class space    used 1585K, committed 1728K, reserved 1048576K
}
Event: 8.098 GC heap before
{Heap before GC invocations=3 (full 0):
 garbage-first heap   total 118784K, used 77691K [0x0000000080000000, 0x0000000100000000)
  region size 1024K, 66 young (67584K), 9 survivors (9216K)
 Metaspace       used 20875K, committed 21504K, reserved 1114112K
  class space    used 2961K, committed 3264K, reserved 1048576K
}
Event: 8.107 GC heap after
{Heap after GC invocations=4 (full 0):
 garbage-first heap   total 118784K, used 25476K [0x0000000080000000, 0x0000000100000000)
  region size 1024K, 4 young (4096K), 4 survivors (4096K)
 Metaspace       used 20875K, committed 21504K, reserved 1114112K
  class space    used 2961K, committed 3264K, reserved 1048576K
}
Event: 10.980 GC heap before
{Heap before GC invocations=5 (full 0):
 garbage-first heap   total 86016K, used 84868K [0x0000000080000000, 0x0000000100000000)
  region size 1024K, 63 young (64512K), 4 survivors (4096K)
 Metaspace       used 28527K, committed 29568K, reserved 1114112K
  class space    used 4144K, committed 4672K, reserved 1048576K
}
Event: 10.987 GC heap after
{Heap after GC invocations=6 (full 0):
 garbage-first heap   total 95232K, used 30195K [0x0000000080000000, 0x0000000100000000)
  region size 1024K, 9 young (9216K), 9 survivors (9216K)
 Metaspace       used 28527K, committed 29568K, reserved 1114112K
  class space    used 4144K, committed 4672K, reserved 1048576K
}
Event: 12.486 GC heap before
{Heap before GC invocations=6 (full 0):
 garbage-first heap   total 95232K, used 73203K [0x0000000080000000, 0x0000000100000000)
  region size 1024K, 53 young (54272K), 9 survivors (9216K)
 Metaspace       used 34587K, committed 35968K, reserved 1114112K
  class space    used 5046K, committed 5760K, reserved 1048576K
}
Event: 12.493 GC heap after
{Heap after GC invocations=7 (full 0):
 garbage-first heap   total 95232K, used 33021K [0x0000000080000000, 0x0000000100000000)
  region size 1024K, 4 young (4096K), 4 survivors (4096K)
 Metaspace       used 34587K, committed 35968K, reserved 1114112K
  class space    used 5046K, committed 5760K, reserved 1048576K
}
Event: 12.589 GC heap before
{Heap before GC invocations=7 (full 0):
 garbage-first heap   total 95232K, used 34045K [0x0000000080000000, 0x0000000100000000)
  region size 1024K, 6 young (6144K), 4 survivors (4096K)
 Metaspace       used 34954K, committed 36288K, reserved 1114112K
  class space    used 5080K, committed 5760K, reserved 1048576K
}
Event: 12.594 GC heap after
{Heap after GC invocations=8 (full 0):
 garbage-first heap   total 95232K, used 33590K [0x0000000080000000, 0x0000000100000000)
  region size 1024K, 1 young (1024K), 1 survivors (1024K)
 Metaspace       used 34954K, committed 36288K, reserved 1114112K
  class space    used 5080K, committed 5760K, reserved 1048576K
}
Event: 13.764 GC heap before
{Heap before GC invocations=9 (full 0):
 garbage-first heap   total 95232K, used 81718K [0x0000000080000000, 0x0000000100000000)
  region size 1024K, 44 young (45056K), 1 survivors (1024K)
 Metaspace       used 39997K, committed 41344K, reserved 1114112K
  class space    used 5563K, committed 6208K, reserved 1048576K
}
Event: 13.769 GC heap after
{Heap after GC invocations=10 (full 0):
 garbage-first heap   total 114688K, used 38610K [0x0000000080000000, 0x0000000100000000)
  region size 1024K, 6 young (6144K), 6 survivors (6144K)
 Metaspace       used 39997K, committed 41344K, reserved 1114112K
  class space    used 5563K, committed 6208K, reserved 1048576K
}
Event: 15.214 GC heap before
{Heap before GC invocations=10 (full 0):
 garbage-first heap   total 114688K, used 93906K [0x0000000080000000, 0x0000000100000000)
  region size 1024K, 60 young (61440K), 6 survivors (6144K)
 Metaspace       used 44383K, committed 45952K, reserved 1114112K
  class space    used 6239K, committed 6976K, reserved 1048576K
}
Event: 15.221 GC heap after
{Heap after GC invocations=11 (full 0):
 garbage-first heap   total 114688K, used 39860K [0x0000000080000000, 0x0000000100000000)
  region size 1024K, 3 young (3072K), 3 survivors (3072K)
 Metaspace       used 44383K, committed 45952K, reserved 1114112K
  class space    used 6239K, committed 6976K, reserved 1048576K
}
Event: 17.728 GC heap before
{Heap before GC invocations=11 (full 0):
 garbage-first heap   total 114688K, used 98228K [0x0000000080000000, 0x0000000100000000)
  region size 1024K, 59 young (60416K), 3 survivors (3072K)
 Metaspace       used 52531K, committed 54272K, reserved 1114112K
  class space    used 7293K, committed 8128K, reserved 1048576K
}
Event: 17.731 GC heap after
{Heap after GC invocations=12 (full 0):
 garbage-first heap   total 114688K, used 42772K [0x0000000080000000, 0x0000000100000000)
  region size 1024K, 6 young (6144K), 6 survivors (6144K)
 Metaspace       used 52531K, committed 54272K, reserved 1114112K
  class space    used 7293K, committed 8128K, reserved 1048576K
}

