# JRE version: OpenJDK Runtime Environment Temurin-21.0.6+7 (21.0.6+7) (build 21.0.6+7-LTS)
# Java VM: OpenJDK 64-Bit Server VM Temurin-21.0.6+7 (21.0.6+7-LTS, mixed mode, sharing, tiered, compressed oops, compressed class ptrs, parallel gc, windows-amd64)
GC Precious Log:
 CardTable entry size: 512
 CPUs: 12 total, 12 available
 Memory: 7365M
 Large Page Support: Disabled
 NUMA Support: Disabled
 Compressed Oops: Enabled (32-bit)
 Alignments: Space 512K, Generation 512K, Heap 2M
 Heap Min Capacity: 100M
 Heap Initial Capacity: 100M
 Heap Max Capacity: 1G
 Pre-touch: Disabled
 Parallel Workers: 10
Heap:
 PSYoungGen      total 13312K, used 6476K [0x00000000eab00000, 0x00000000eba00000, 0x0000000100000000)
  eden space 12800K, 48% used [0x00000000eab00000,0x00000000eb106b10,0x00000000eb780000)
  from space 512K, 81% used [0x00000000eb980000,0x00000000eb9e8000,0x00000000eba00000)
  to   space 512K, 0% used [0x00000000eb900000,0x00000000eb900000,0x00000000eb980000)
 ParOldGen       total 68608K, used 47895K [0x00000000c0000000, 0x00000000c4300000, 0x00000000eab00000)
  object space 68608K, 69% used [0x00000000c0000000,0x00000000c2ec5e90,0x00000000c4300000)
 Metaspace       used 68199K, committed 69504K, reserved 1114112K
  class space    used 8321K, committed 8896K, reserved 1048576K
GC Heap History (20 events):
Event: 16.705 GC heap before
{Heap before GC invocations=50 (full 3):
 PSYoungGen      total 13312K, used 13109K [0x00000000eab00000, 0x00000000ebc00000, 0x0000000100000000)
  eden space 12800K, 100% used [0x00000000eab00000,0x00000000eb780000,0x00000000eb780000)
  from space 512K, 60% used [0x00000000ebb80000,0x00000000ebbcd4b8,0x00000000ebc00000)
  to   space 1024K, 0% used [0x00000000eba00000,0x00000000eba00000,0x00000000ebb00000)
 ParOldGen       total 68608K, used 45534K [0x00000000c0000000, 0x00000000c4300000, 0x00000000eab00000)
  object space 68608K, 66% used [0x00000000c0000000,0x00000000c2c77ae8,0x00000000c4300000)
 Metaspace       used 66083K, committed 67392K, reserved 1114112K
  class space    used 8069K, committed 8640K, reserved 1048576K
}
Event: 16.705 GC heap after
{Heap after GC invocations=50 (full 3):
 PSYoungGen      total 13824K, used 1007K [0x00000000eab00000, 0x00000000ebc00000, 0x0000000100000000)
  eden space 12800K, 0% used [0x00000000eab00000,0x00000000eab00000,0x00000000eb780000)
  from space 1024K, 98% used [0x00000000eba00000,0x00000000ebafbcd8,0x00000000ebb00000)
  to   space 1024K, 0% used [0x00000000ebb00000,0x00000000ebb00000,0x00000000ebc00000)
 ParOldGen       total 68608K, used 45750K [0x00000000c0000000, 0x00000000c4300000, 0x00000000eab00000)
  object space 68608K, 66% used [0x00000000c0000000,0x00000000c2cad8f0,0x00000000c4300000)
 Metaspace       used 66083K, committed 67392K, reserved 1114112K
  class space    used 8069K, committed 8640K, reserved 1048576K
}
Event: 16.777 GC heap before
{Heap before GC invocations=51 (full 3):
 PSYoungGen      total 13824K, used 13807K [0x00000000eab00000, 0x00000000ebc00000, 0x0000000100000000)
  eden space 12800K, 100% used [0x00000000eab00000,0x00000000eb780000,0x00000000eb780000)
  from space 1024K, 98% used [0x00000000eba00000,0x00000000ebafbcd8,0x00000000ebb00000)
  to   space 1024K, 0% used [0x00000000ebb00000,0x00000000ebb00000,0x00000000ebc00000)
 ParOldGen       total 68608K, used 45750K [0x00000000c0000000, 0x00000000c4300000, 0x00000000eab00000)
  object space 68608K, 66% used [0x00000000c0000000,0x00000000c2cad8f0,0x00000000c4300000)
 Metaspace       used 66083K, committed 67392K, reserved 1114112K
  class space    used 8069K, committed 8640K, reserved 1048576K
}
Event: 16.778 GC heap after
{Heap after GC invocations=51 (full 3):
 PSYoungGen      total 13312K, used 461K [0x00000000eab00000, 0x00000000ebb80000, 0x0000000100000000)
  eden space 12800K, 0% used [0x00000000eab00000,0x00000000eab00000,0x00000000eb780000)
  from space 512K, 90% used [0x00000000ebb00000,0x00000000ebb73420,0x00000000ebb80000)
  to   space 1024K, 0% used [0x00000000eb980000,0x00000000eb980000,0x00000000eba80000)
 ParOldGen       total 68608K, used 45814K [0x00000000c0000000, 0x00000000c4300000, 0x00000000eab00000)
  object space 68608K, 66% used [0x00000000c0000000,0x00000000c2cbd8f0,0x00000000c4300000)
 Metaspace       used 66083K, committed 67392K, reserved 1114112K
  class space    used 8069K, committed 8640K, reserved 1048576K
}
Event: 16.860 GC heap before
{Heap before GC invocations=52 (full 3):
 PSYoungGen      total 13312K, used 13261K [0x00000000eab00000, 0x00000000ebb80000, 0x0000000100000000)
  eden space 12800K, 100% used [0x00000000eab00000,0x00000000eb780000,0x00000000eb780000)
  from space 512K, 90% used [0x00000000ebb00000,0x00000000ebb73420,0x00000000ebb80000)
  to   space 1024K, 0% used [0x00000000eb980000,0x00000000eb980000,0x00000000eba80000)
 ParOldGen       total 68608K, used 45814K [0x00000000c0000000, 0x00000000c4300000, 0x00000000eab00000)
  object space 68608K, 66% used [0x00000000c0000000,0x00000000c2cbd8f0,0x00000000c4300000)
 Metaspace       used 66083K, committed 67392K, reserved 1114112K
  class space    used 8069K, committed 8640K, reserved 1048576K
}
Event: 16.861 GC heap after
{Heap after GC invocations=52 (full 3):
 PSYoungGen      total 13824K, used 1014K [0x00000000eab00000, 0x00000000ebb80000, 0x0000000100000000)
  eden space 12800K, 0% used [0x00000000eab00000,0x00000000eab00000,0x00000000eb780000)
  from space 1024K, 99% used [0x00000000eb980000,0x00000000eba7da80,0x00000000eba80000)
  to   space 1024K, 0% used [0x00000000eba80000,0x00000000eba80000,0x00000000ebb80000)
 ParOldGen       total 68608K, used 45999K [0x00000000c0000000, 0x00000000c4300000, 0x00000000eab00000)
  object space 68608K, 67% used [0x00000000c0000000,0x00000000c2cebd40,0x00000000c4300000)
 Metaspace       used 66083K, committed 67392K, reserved 1114112K
  class space    used 8069K, committed 8640K, reserved 1048576K
}
Event: 16.951 GC heap before
{Heap before GC invocations=53 (full 3):
 PSYoungGen      total 13824K, used 13814K [0x00000000eab00000, 0x00000000ebb80000, 0x0000000100000000)
  eden space 12800K, 100% used [0x00000000eab00000,0x00000000eb780000,0x00000000eb780000)
  from space 1024K, 99% used [0x00000000eb980000,0x00000000eba7da80,0x00000000eba80000)
  to   space 1024K, 0% used [0x00000000eba80000,0x00000000eba80000,0x00000000ebb80000)
 ParOldGen       total 68608K, used 45999K [0x00000000c0000000, 0x00000000c4300000, 0x00000000eab00000)
  object space 68608K, 67% used [0x00000000c0000000,0x00000000c2cebd40,0x00000000c4300000)
 Metaspace       used 66083K, committed 67392K, reserved 1114112K
  class space    used 8069K, committed 8640K, reserved 1048576K
}
Event: 16.952 GC heap after
{Heap after GC invocations=53 (full 3):
 PSYoungGen      total 13312K, used 463K [0x00000000eab00000, 0x00000000ebb00000, 0x0000000100000000)
  eden space 12800K, 0% used [0x00000000eab00000,0x00000000eab00000,0x00000000eb780000)
  from space 512K, 90% used [0x00000000eba80000,0x00000000ebaf3cd8,0x00000000ebb00000)
  to   space 1024K, 0% used [0x00000000eb900000,0x00000000eb900000,0x00000000eba00000)
 ParOldGen       total 68608K, used 46071K [0x00000000c0000000, 0x00000000c4300000, 0x00000000eab00000)
  object space 68608K, 67% used [0x00000000c0000000,0x00000000c2cfdd40,0x00000000c4300000)
 Metaspace       used 66083K, committed 67392K, reserved 1114112K
  class space    used 8069K, committed 8640K, reserved 1048576K
}
Event: 17.006 GC heap before
{Heap before GC invocations=54 (full 3):
 PSYoungGen      total 13312K, used 13263K [0x00000000eab00000, 0x00000000ebb00000, 0x0000000100000000)
  eden space 12800K, 100% used [0x00000000eab00000,0x00000000eb780000,0x00000000eb780000)
  from space 512K, 90% used [0x00000000eba80000,0x00000000ebaf3cd8,0x00000000ebb00000)
  to   space 1024K, 0% used [0x00000000eb900000,0x00000000eb900000,0x00000000eba00000)
 ParOldGen       total 68608K, used 46071K [0x00000000c0000000, 0x00000000c4300000, 0x00000000eab00000)
  object space 68608K, 67% used [0x00000000c0000000,0x00000000c2cfdd40,0x00000000c4300000)
 Metaspace       used 66083K, committed 67392K, reserved 1114112K
  class space    used 8069K, committed 8640K, reserved 1048576K
}
Event: 17.007 GC heap after
{Heap after GC invocations=54 (full 3):
 PSYoungGen      total 13824K, used 824K [0x00000000eab00000, 0x00000000ebb00000, 0x0000000100000000)
  eden space 12800K, 0% used [0x00000000eab00000,0x00000000eab00000,0x00000000eb780000)
  from space 1024K, 80% used [0x00000000eb900000,0x00000000eb9ce0c8,0x00000000eba00000)
  to   space 1024K, 0% used [0x00000000eba00000,0x00000000eba00000,0x00000000ebb00000)
 ParOldGen       total 68608K, used 46435K [0x00000000c0000000, 0x00000000c4300000, 0x00000000eab00000)
  object space 68608K, 67% used [0x00000000c0000000,0x00000000c2d58c90,0x00000000c4300000)
 Metaspace       used 66083K, committed 67392K, reserved 1114112K
  class space    used 8069K, committed 8640K, reserved 1048576K
}
Event: 17.082 GC heap before
{Heap before GC invocations=55 (full 3):
 PSYoungGen      total 13824K, used 13624K [0x00000000eab00000, 0x00000000ebb00000, 0x0000000100000000)
  eden space 12800K, 100% used [0x00000000eab00000,0x00000000eb780000,0x00000000eb780000)
  from space 1024K, 80% used [0x00000000eb900000,0x00000000eb9ce0c8,0x00000000eba00000)
  to   space 1024K, 0% used [0x00000000eba00000,0x00000000eba00000,0x00000000ebb00000)
 ParOldGen       total 68608K, used 46435K [0x00000000c0000000, 0x00000000c4300000, 0x00000000eab00000)
  object space 68608K, 67% used [0x00000000c0000000,0x00000000c2d58c90,0x00000000c4300000)
 Metaspace       used 66083K, committed 67392K, reserved 1114112K
  class space    used 8069K, committed 8640K, reserved 1048576K
}
Event: 17.083 GC heap after
{Heap after GC invocations=55 (full 3):
 PSYoungGen      total 13824K, used 862K [0x00000000eab00000, 0x00000000ebb00000, 0x0000000100000000)
  eden space 12800K, 0% used [0x00000000eab00000,0x00000000eab00000,0x00000000eb780000)
  from space 1024K, 84% used [0x00000000eba00000,0x00000000ebad7ac0,0x00000000ebb00000)
  to   space 1024K, 0% used [0x00000000eb900000,0x00000000eb900000,0x00000000eba00000)
 ParOldGen       total 68608K, used 46491K [0x00000000c0000000, 0x00000000c4300000, 0x00000000eab00000)
  object space 68608K, 67% used [0x00000000c0000000,0x00000000c2d66ca0,0x00000000c4300000)
 Metaspace       used 66083K, committed 67392K, reserved 1114112K
  class space    used 8069K, committed 8640K, reserved 1048576K
}
Event: 17.155 GC heap before
{Heap before GC invocations=56 (full 3):
 PSYoungGen      total 13824K, used 13662K [0x00000000eab00000, 0x00000000ebb00000, 0x0000000100000000)
  eden space 12800K, 100% used [0x00000000eab00000,0x00000000eb780000,0x00000000eb780000)
  from space 1024K, 84% used [0x00000000eba00000,0x00000000ebad7ac0,0x00000000ebb00000)
  to   space 1024K, 0% used [0x00000000eb900000,0x00000000eb900000,0x00000000eba00000)
 ParOldGen       total 68608K, used 46491K [0x00000000c0000000, 0x00000000c4300000, 0x00000000eab00000)
  object space 68608K, 67% used [0x00000000c0000000,0x00000000c2d66ca0,0x00000000c4300000)
 Metaspace       used 66083K, committed 67392K, reserved 1114112K
  class space    used 8069K, committed 8640K, reserved 1048576K
}
Event: 17.156 GC heap after
{Heap after GC invocations=56 (full 3):
 PSYoungGen      total 13824K, used 224K [0x00000000eab00000, 0x00000000eba80000, 0x0000000100000000)
  eden space 12800K, 0% used [0x00000000eab00000,0x00000000eab00000,0x00000000eb780000)
  from space 1024K, 21% used [0x00000000eb900000,0x00000000eb938000,0x00000000eba00000)
  to   space 512K, 0% used [0x00000000eba00000,0x00000000eba00000,0x00000000eba80000)
 ParOldGen       total 68608K, used 47087K [0x00000000c0000000, 0x00000000c4300000, 0x00000000eab00000)
  object space 68608K, 68% used [0x00000000c0000000,0x00000000c2dfbdd8,0x00000000c4300000)
 Metaspace       used 66083K, committed 67392K, reserved 1114112K
  class space    used 8069K, committed 8640K, reserved 1048576K
}
Event: 19.191 GC heap before
{Heap before GC invocations=57 (full 3):
 PSYoungGen      total 13824K, used 13024K [0x00000000eab00000, 0x00000000eba80000, 0x0000000100000000)
  eden space 12800K, 100% used [0x00000000eab00000,0x00000000eb780000,0x00000000eb780000)
  from space 1024K, 21% used [0x00000000eb900000,0x00000000eb938000,0x00000000eba00000)
  to   space 512K, 0% used [0x00000000eba00000,0x00000000eba00000,0x00000000eba80000)
 ParOldGen       total 68608K, used 47087K [0x00000000c0000000, 0x00000000c4300000, 0x00000000eab00000)
  object space 68608K, 68% used [0x00000000c0000000,0x00000000c2dfbdd8,0x00000000c4300000)
 Metaspace       used 66900K, committed 68160K, reserved 1114112K
  class space    used 8189K, committed 8704K, reserved 1048576K
}
Event: 19.192 GC heap after
{Heap after GC invocations=57 (full 3):
 PSYoungGen      total 13312K, used 480K [0x00000000eab00000, 0x00000000eba80000, 0x0000000100000000)
  eden space 12800K, 0% used [0x00000000eab00000,0x00000000eab00000,0x00000000eb780000)
  from space 512K, 93% used [0x00000000eba00000,0x00000000eba78010,0x00000000eba80000)
  to   space 1024K, 0% used [0x00000000eb880000,0x00000000eb880000,0x00000000eb980000)
 ParOldGen       total 68608K, used 47159K [0x00000000c0000000, 0x00000000c4300000, 0x00000000eab00000)
  object space 68608K, 68% used [0x00000000c0000000,0x00000000c2e0dde8,0x00000000c4300000)
 Metaspace       used 66900K, committed 68160K, reserved 1114112K
  class space    used 8189K, committed 8704K, reserved 1048576K
}
Event: 40.043 GC heap before
{Heap before GC invocations=58 (full 3):
 PSYoungGen      total 13312K, used 13280K [0x00000000eab00000, 0x00000000eba80000, 0x0000000100000000)
  eden space 12800K, 100% used [0x00000000eab00000,0x00000000eb780000,0x00000000eb780000)
  from space 512K, 93% used [0x00000000eba00000,0x00000000eba78010,0x00000000eba80000)
  to   space 1024K, 0% used [0x00000000eb880000,0x00000000eb880000,0x00000000eb980000)
 ParOldGen       total 68608K, used 47159K [0x00000000c0000000, 0x00000000c4300000, 0x00000000eab00000)
  object space 68608K, 68% used [0x00000000c0000000,0x00000000c2e0dde8,0x00000000c4300000)
 Metaspace       used 67927K, committed 69248K, reserved 1114112K
  class space    used 8309K, committed 8896K, reserved 1048576K
}
Event: 40.047 GC heap after
{Heap after GC invocations=58 (full 3):
 PSYoungGen      total 13824K, used 608K [0x00000000eab00000, 0x00000000eba80000, 0x0000000100000000)
  eden space 12800K, 0% used [0x00000000eab00000,0x00000000eab00000,0x00000000eb780000)
  from space 1024K, 59% used [0x00000000eb880000,0x00000000eb918000,0x00000000eb980000)
  to   space 1024K, 0% used [0x00000000eb980000,0x00000000eb980000,0x00000000eba80000)
 ParOldGen       total 68608K, used 47423K [0x00000000c0000000, 0x00000000c4300000, 0x00000000eab00000)
  object space 68608K, 69% used [0x00000000c0000000,0x00000000c2e4fe08,0x00000000c4300000)
 Metaspace       used 67927K, committed 69248K, reserved 1114112K
  class space    used 8309K, committed 8896K, reserved 1048576K
}
Event: 53.472 GC heap before
{Heap before GC invocations=59 (full 3):
 PSYoungGen      total 13824K, used 13408K [0x00000000eab00000, 0x00000000eba80000, 0x0000000100000000)
  eden space 12800K, 100% used [0x00000000eab00000,0x00000000eb780000,0x00000000eb780000)
  from space 1024K, 59% used [0x00000000eb880000,0x00000000eb918000,0x00000000eb980000)
  to   space 1024K, 0% used [0x00000000eb980000,0x00000000eb980000,0x00000000eba80000)
 ParOldGen       total 68608K, used 47423K [0x00000000c0000000, 0x00000000c4300000, 0x00000000eab00000)
  object space 68608K, 69% used [0x00000000c0000000,0x00000000c2e4fe08,0x00000000c4300000)
 Metaspace       used 68170K, committed 69504K, reserved 1114112K
  class space    used 8321K, committed 8896K, reserved 1048576K
}
Event: 53.475 GC heap after
{Heap after GC invocations=59 (full 3):
 PSYoungGen      total 13312K, used 416K [0x00000000eab00000, 0x00000000eba00000, 0x0000000100000000)
  eden space 12800K, 0% used [0x00000000eab00000,0x00000000eab00000,0x00000000eb780000)
  from space 512K, 81% used [0x00000000eb980000,0x00000000eb9e8000,0x00000000eba00000)
  to   space 512K, 0% used [0x00000000eb900000,0x00000000eb900000,0x00000000eb980000)
 ParOldGen       total 68608K, used 47895K [0x00000000c0000000, 0x00000000c4300000, 0x00000000eab00000)
  object space 68608K, 69% used [0x00000000c0000000,0x00000000c2ec5e90,0x00000000c4300000)
 Metaspace       used 68170K, committed 69504K, reserved 1114112K
  class space    used 8321K, committed 8896K, reserved 1048576K
}

